d:\c#\qt-project\custom\custom\x64\debug\vc140.pdb
d:\c#\qt-project\custom\custom\x64\debug\qcustomplot.obj
d:\c#\qt-project\custom\custom\x64\debug\main.obj
d:\c#\qt-project\custom\custom\x64\debug\moc_qcustomplot.obj
d:\c#\qt-project\custom\custom\x64\debug\moc_custom.obj
d:\c#\qt-project\custom\custom\x64\debug\custom.obj
d:\c#\qt-project\custom\custom\x64\debug\qrc_custom.obj
d:\c#\qt-project\custom\custom\generatedfiles\ui_custom.h
d:\c#\qt-project\custom\custom\generatedfiles\debug\moc_qcustomplot.cpp
d:\c#\qt-project\custom\custom\generatedfiles\qrc_custom.cpp
d:\c#\qt-project\custom\custom\generatedfiles\debug\moc_custom.cpp
d:\c#\qt-project\custom\x64\debug\custom.ilk
d:\c#\qt-project\custom\x64\debug\custom.exe
d:\c#\qt-project\custom\x64\debug\custom.pdb
d:\c#\qt-project\custom\custom\x64\debug\custom.tlog\cl.command.1.tlog
d:\c#\qt-project\custom\custom\x64\debug\custom.tlog\cl.read.1.tlog
d:\c#\qt-project\custom\custom\x64\debug\custom.tlog\cl.write.1.tlog
d:\c#\qt-project\custom\custom\x64\debug\custom.tlog\custombuild.command.1.tlog
d:\c#\qt-project\custom\custom\x64\debug\custom.tlog\custombuild.read.1.tlog
d:\c#\qt-project\custom\custom\x64\debug\custom.tlog\custombuild.write.1.tlog
d:\c#\qt-project\custom\custom\x64\debug\custom.tlog\link.command.1.tlog
d:\c#\qt-project\custom\custom\x64\debug\custom.tlog\link.read.1.tlog
d:\c#\qt-project\custom\custom\x64\debug\custom.tlog\link.write.1.tlog
